<?xml version="1.0" encoding="UTF-8"?>
<testng-results ignored="0" total="2" passed="2" failed="0" skipped="0">
  <reporter-output>
  </reporter-output>
  <suite started-at="2025-12-03T12:24:31 IST" name="Suite" finished-at="2025-12-03T12:24:43 IST" duration-ms="11943">
    <groups>
    </groups>
    <test started-at="2025-12-03T12:24:31 IST" name="Test" finished-at="2025-12-03T12:24:43 IST" duration-ms="11943">
      <class name="com.ecommerce.FirstClassTest">
        <test-method signature="testMethod1()[pri:0, instance:com.ecommerce.FirstClassTest@49049a04]" started-at="2025-12-03T12:24:31 IST" name="testMethod1" finished-at="2025-12-03T12:24:38 IST" duration-ms="6858" status="PASS">
          <reporter-output>
          </reporter-output>
        </test-method> <!-- testMethod1 -->
        <test-method signature="testMethod2()[pri:0, instance:com.ecommerce.FirstClassTest@49049a04]" started-at="2025-12-03T12:24:38 IST" name="testMethod2" finished-at="2025-12-03T12:24:43 IST" duration-ms="5034" status="PASS">
          <reporter-output>
          </reporter-output>
        </test-method> <!-- testMethod2 -->
      </class> <!-- com.ecommerce.FirstClassTest -->
    </test> <!-- Test -->
  </suite> <!-- Suite -->
</testng-results>
