<?xml version="1.0" encoding="UTF-8"?>
<testng-results ignored="0" total="1" passed="1" failed="0" skipped="0">
  <reporter-output>
  </reporter-output>
  <suite started-at="2025-12-04T17:54:44 IST" name="Suite" finished-at="2025-12-04T17:54:47 IST" duration-ms="3224">
    <groups>
    </groups>
    <test started-at="2025-12-04T17:54:44 IST" name="Test" finished-at="2025-12-04T17:54:47 IST" duration-ms="3224">
      <class name="com.ecommerce.SecondTest">
        <test-method signature="secondmenthotest()[pri:0, instance:com.ecommerce.SecondTest@6253c26]" started-at="2025-12-04T17:54:44 IST" name="secondmenthotest" finished-at="2025-12-04T17:54:47 IST" duration-ms="3189" status="PASS">
          <reporter-output>
          </reporter-output>
        </test-method> <!-- secondmenthotest -->
      </class> <!-- com.ecommerce.SecondTest -->
    </test> <!-- Test -->
  </suite> <!-- Suite -->
</testng-results>
