<?xml version="1.0" encoding="UTF-8"?>
<testng-results ignored="0" total="2" passed="2" failed="0" skipped="0">
  <reporter-output>
  </reporter-output>
  <suite started-at="2025-12-03T11:55:38 IST" name="Suite" finished-at="2025-12-03T11:55:48 IST" duration-ms="9294">
    <groups>
    </groups>
    <test started-at="2025-12-03T11:55:38 IST" name="Test" finished-at="2025-12-03T11:55:48 IST" duration-ms="9294">
      <class name="com.ecommerce.FirstClassTest">
        <test-method signature="testMethod1()[pri:0, instance:com.ecommerce.FirstClassTest@54c5a2ff]" started-at="2025-12-03T11:55:39 IST" name="testMethod1" finished-at="2025-12-03T11:55:44 IST" duration-ms="5820" status="PASS">
          <reporter-output>
          </reporter-output>
        </test-method> <!-- testMethod1 -->
        <test-method signature="testMethod2()[pri:0, instance:com.ecommerce.FirstClassTest@54c5a2ff]" started-at="2025-12-03T11:55:44 IST" name="testMethod2" finished-at="2025-12-03T11:55:48 IST" duration-ms="3432" status="PASS">
          <reporter-output>
          </reporter-output>
        </test-method> <!-- testMethod2 -->
      </class> <!-- com.ecommerce.FirstClassTest -->
    </test> <!-- Test -->
  </suite> <!-- Suite -->
</testng-results>
