<?xml version="1.0" encoding="UTF-8"?>
<testng-results ignored="0" total="1" passed="1" failed="0" skipped="0">
  <reporter-output>
  </reporter-output>
  <suite started-at="2025-12-02T19:19:20 IST" name="Suite" finished-at="2025-12-02T19:19:33 IST" duration-ms="12327">
    <groups>
    </groups>
    <test started-at="2025-12-02T19:19:20 IST" name="Test" finished-at="2025-12-02T19:19:33 IST" duration-ms="12327">
      <class name="com.ecommerce.FirstClassTest">
        <test-method signature="testMethod()[pri:0, instance:com.ecommerce.FirstClassTest@54c5a2ff]" started-at="2025-12-02T19:19:20 IST" name="testMethod" finished-at="2025-12-02T19:19:33 IST" duration-ms="12289" status="PASS">
          <reporter-output>
          </reporter-output>
        </test-method> <!-- testMethod -->
      </class> <!-- com.ecommerce.FirstClassTest -->
    </test> <!-- Test -->
  </suite> <!-- Suite -->
</testng-results>
