<?xml version="1.0" encoding="UTF-8"?>
<testng-results ignored="0" total="2" passed="2" failed="0" skipped="0">
  <reporter-output>
  </reporter-output>
  <suite started-at="2025-12-04T15:56:45 IST" name="Default suite" finished-at="2025-12-04T15:56:58 IST" duration-ms="13276">
    <groups>
    </groups>
    <test started-at="2025-12-04T15:56:45 IST" name="Default test" finished-at="2025-12-04T15:56:58 IST" duration-ms="13276">
      <class name="com.ecommerce.FirstClassTest">
        <test-method signature="testMethod1()[pri:0, instance:com.ecommerce.FirstClassTest@54c5a2ff]" started-at="2025-12-04T15:56:45 IST" name="testMethod1" finished-at="2025-12-04T15:56:51 IST" duration-ms="6077" status="PASS">
          <reporter-output>
          </reporter-output>
        </test-method> <!-- testMethod1 -->
        <test-method signature="testMethod2()[pri:0, instance:com.ecommerce.FirstClassTest@54c5a2ff]" started-at="2025-12-04T15:56:51 IST" name="testMethod2" finished-at="2025-12-04T15:56:58 IST" duration-ms="7156" status="PASS">
          <reporter-output>
          </reporter-output>
        </test-method> <!-- testMethod2 -->
      </class> <!-- com.ecommerce.FirstClassTest -->
    </test> <!-- Default test -->
  </suite> <!-- Default suite -->
</testng-results>
