<?xml version="1.0" encoding="UTF-8"?>
<testng-results ignored="0" total="1" passed="1" failed="0" skipped="0">
  <reporter-output>
  </reporter-output>
  <suite started-at="2025-12-04T21:40:19 IST" name="Default suite" finished-at="2025-12-04T21:40:53 IST" duration-ms="33759">
    <groups>
    </groups>
    <test started-at="2025-12-04T21:40:19 IST" name="Default test" finished-at="2025-12-04T21:40:53 IST" duration-ms="33759">
      <class name="com.ecommerce.SecondTest">
        <test-method signature="secondmenthotest()[pri:0, instance:com.ecommerce.SecondTest@1ed4ae0f]" started-at="2025-12-04T21:40:20 IST" name="secondmenthotest" finished-at="2025-12-04T21:40:53 IST" duration-ms="33718" status="PASS">
          <reporter-output>
          </reporter-output>
        </test-method> <!-- secondmenthotest -->
      </class> <!-- com.ecommerce.SecondTest -->
    </test> <!-- Default test -->
  </suite> <!-- Default suite -->
</testng-results>
